<?xml version="1.0" encoding="UTF-8"?>
<testng-results ignored="0" total="2" passed="2" failed="0" skipped="0">
  <reporter-output>
  </reporter-output>
  <suite started-at="2024-03-25T16:54:04 IST" name="Default suite" finished-at="2024-03-25T16:54:04 IST" duration-ms="50">
    <groups>
    </groups>
    <test started-at="2024-03-25T16:54:04 IST" name="Default test" finished-at="2024-03-25T16:54:04 IST" duration-ms="50">
      <class name="dp.login">
        <test-method signature="login1(java.lang.String,java.lang.String)[pri:0, instance:dp.login@5d7148e2]" started-at="2024-03-25T16:54:04 IST" name="login1" data-provider="credentials" finished-at="2024-03-25T16:54:04 IST" duration-ms="8" status="PASS">
          <params>
            <param index="0">
              <value>
                <![CDATA[firstunmae]]>
              </value>
            </param>
            <param index="1">
              <value>
                <![CDATA[firstpassword]]>
              </value>
            </param>
          </params>
          <reporter-output>
          </reporter-output>
        </test-method> <!-- login1 -->
        <test-method signature="login1(java.lang.String,java.lang.String)[pri:0, instance:dp.login@5d7148e2]" started-at="2024-03-25T16:54:04 IST" name="login1" data-provider="credentials" finished-at="2024-03-25T16:54:04 IST" duration-ms="1" status="PASS">
          <params>
            <param index="0">
              <value>
                <![CDATA[seconduname]]>
              </value>
            </param>
            <param index="1">
              <value>
                <![CDATA[secondpassword]]>
              </value>
            </param>
          </params>
          <reporter-output>
          </reporter-output>
        </test-method> <!-- login1 -->
      </class> <!-- dp.login -->
    </test> <!-- Default test -->
  </suite> <!-- Default suite -->
</testng-results>
